2025-12-08T22:27:07.7409376Z,Updating submodules.,ea10b56a-dcd4-4d89-b3db-2e83914492e6,0
2025-12-08T22:27:09.6105380Z,Preparing deployment for commit id '496bf26d-e'.,3c5d2607-2622-41db-a72b-ed37e6dd6790,0
2025-12-08T22:27:10.2738388Z,PreDeployment: context.CleanOutputPath False,8ed07539-ca6c-4939-9208-16694957c799,0
2025-12-08T22:27:10.7238631Z,PreDeployment: context.OutputPath /home/site/wwwroot,25213882-1f12-4d46-9738-ea26bc40ddb1,0
2025-12-08T22:27:10.9829386Z,Generating deployment script.,ebbca338-c850-49a7-920c-d46162e1b2bf,0
2025-12-08T22:27:11.1712617Z,Running deployment command...,775a0415-41dd-4ac6-b01b-0bd8a36739b1,0
	2025-12-08T22:27:11.2102843Z,Command: /opt/Kudu/Scripts/parallel_rsync.sh /tmp/zipdeploy/extracted /home/site/wwwroot 8 /tmp/ False True  ,,0
	2025-12-08T22:27:11.6364746Z,Run rsync from: /tmp/zipdeploy/extracted/ to: /home/site/wwwroot/ in 8 parallel threads,,0
	2025-12-08T22:27:11.7026909Z,Delete options: clean=False&comma; use manifest=True&comma; directory to ignore=,,0
	2025-12-08T22:27:11.7847864Z,Prev manifest = /opt/Kudu/Scripts/firstDeploymentManifest and next /home/site/deployments/496bf26d-e82f-4fe6-b33c-8030737ca544/manifest,,0
	2025-12-08T22:27:11.8535896Z,Cleaning up /tmp//filelist.txt and /tmp//splits,,0
	2025-12-08T22:27:11.9704273Z,Creating a list of all files at /tmp//filelist.txt,,0
	2025-12-08T22:27:12.5748756Z,No directory to exclude.,,0
	2025-12-08T22:27:12.7639256Z,Created /tmp//filelist.txt. Total number of files to be synced = 70.,,0
	2025-12-08T22:27:12.8955834Z,Created batches from the list of files. Processing 9 files in each thread,,0
	2025-12-08T22:27:13.0469110Z,Running rsync for filelist /tmp//splits/split.aa from /tmp/zipdeploy/extracted/ to /home/site/wwwroot/,,0
	2025-12-08T22:27:13.2576382Z,Running rsync for filelist /tmp//splits/split.ab from /tmp/zipdeploy/extracted/ to /home/site/wwwroot/,,0
	2025-12-08T22:27:13.3261893Z,Running rsync for filelist /tmp//splits/split.ad from /tmp/zipdeploy/extracted/ to /home/site/wwwroot/,,0
	2025-12-08T22:27:13.4306255Z,Running rsync for filelist /tmp//splits/split.ae from /tmp/zipdeploy/extracted/ to /home/site/wwwroot/,,0
	2025-12-08T22:27:13.6156072Z,Running rsync for filelist /tmp//splits/split.ac from /tmp/zipdeploy/extracted/ to /home/site/wwwroot/,,0
	2025-12-08T22:27:13.7210481Z,Running rsync for filelist /tmp//splits/split.af from /tmp/zipdeploy/extracted/ to /home/site/wwwroot/,,0
	2025-12-08T22:27:13.7884691Z,Running rsync for filelist /tmp//splits/split.ag from /tmp/zipdeploy/extracted/ to /home/site/wwwroot/,,0
	2025-12-08T22:27:13.9270227Z,Running rsync for filelist /tmp//splits/split.ah from /tmp/zipdeploy/extracted/ to /home/site/wwwroot/,,0
	2025-12-08T22:27:14.9821687Z,,,0
	2025-12-08T22:27:15.1332155Z,Number of files: 14 (reg: 9&comma; dir: 5),,0
	2025-12-08T22:27:15.2184155Z,Number of created files: 13 (reg: 9&comma; dir: 4),,0
	2025-12-08T22:27:15.4203524Z,Number of deleted files: 0,,0
	2025-12-08T22:27:15.5333978Z,Number of regular files transferred: 9,,0
	2025-12-08T22:27:15.6504358Z,Total file size: 43.88K bytes,,0
	2025-12-08T22:27:15.8778423Z,Total transferred file size: 43.88K bytes,,0
	2025-12-08T22:27:15.9165519Z,Literal data: 43.88K bytes,,0
	2025-12-08T22:27:16.0039832Z,Matched data: 0 bytes,,0
	2025-12-08T22:27:16.0826004Z,File list size: 0,,0
	2025-12-08T22:27:16.2028819Z,File list generation time: 0.001 seconds,,0
	2025-12-08T22:27:16.3117093Z,File list transfer time: 0.000 seconds,,0
	2025-12-08T22:27:16.4783496Z,Total bytes sent: 18.58K,,0
	2025-12-08T22:27:16.5159494Z,Total bytes received: 199,,0
	2025-12-08T22:27:16.5459538Z,,,0
	2025-12-08T22:27:16.5718282Z,sent 18.58K bytes  received 199 bytes  7.51K bytes/sec,,0
	2025-12-08T22:27:16.5852591Z,total size is 43.88K  speedup is 2.34,,0
	2025-12-08T22:27:16.6214014Z,Attempt 1: Rsync for filelist /tmp//splits/split.aa completed with exit code 0,,0
	2025-12-08T22:27:16.7033326Z,,,0
	2025-12-08T22:27:16.7456437Z,Number of files: 10 (reg: 7&comma; dir: 3),,0
	2025-12-08T22:27:16.8231990Z,Number of created files: 8 (reg: 7&comma; dir: 1),,0
	2025-12-08T22:27:16.8718019Z,Number of deleted files: 0,,0
	2025-12-08T22:27:16.9100524Z,Number of regular files transferred: 7,,0
	2025-12-08T22:27:16.9470518Z,Total file size: 23.39K bytes,,0
	2025-12-08T22:27:16.9684699Z,Total transferred file size: 23.39K bytes,,0
	2025-12-08T22:27:16.9966217Z,Literal data: 23.39K bytes,,0
	2025-12-08T22:27:17.0343094Z,Matched data: 0 bytes,,0
	2025-12-08T22:27:17.0557213Z,File list size: 0,,0
	2025-12-08T22:27:17.0935789Z,File list generation time: 0.001 seconds,,0
	2025-12-08T22:27:17.1328470Z,File list transfer time: 0.000 seconds,,0
	2025-12-08T22:27:17.1777596Z,Total bytes sent: 8.92K,,0
	2025-12-08T22:27:17.2177133Z,Total bytes received: 158,,0
	2025-12-08T22:27:17.2659520Z,,,0
	2025-12-08T22:27:17.2946776Z,sent 8.92K bytes  received 158 bytes  3.63K bytes/sec,,0
	2025-12-08T22:27:17.3314816Z,total size is 23.39K  speedup is 2.58,,0
	2025-12-08T22:27:17.3978268Z,Attempt 1: Rsync for filelist /tmp//splits/split.ah completed with exit code 0,,0
	2025-12-08T22:27:17.4298663Z,,,0
	2025-12-08T22:27:17.4484497Z,Number of files: 12 (reg: 9&comma; dir: 3),,0
	2025-12-08T22:27:17.5334773Z,Number of created files: 11 (reg: 9&comma; dir: 2),,0
	2025-12-08T22:27:17.5615347Z,Number of deleted files: 0,,0
	2025-12-08T22:27:17.6099576Z,Number of regular files transferred: 9,,0
	2025-12-08T22:27:17.6493151Z,Total file size: 120.09K bytes,,0
	2025-12-08T22:27:17.7077832Z,Total transferred file size: 120.09K bytes,,0
	2025-12-08T22:27:17.7334991Z,Literal data: 120.09K bytes,,0
	2025-12-08T22:27:17.8494015Z,Matched data: 0 bytes,,0
	2025-12-08T22:27:17.9187843Z,File list size: 0,,0
	2025-12-08T22:27:18.0136923Z,File list generation time: 0.010 seconds,,0
	2025-12-08T22:27:18.0998152Z,File list transfer time: 0.000 seconds,,0
	2025-12-08T22:27:18.1280448Z,Total bytes sent: 32.40K,,0
	2025-12-08T22:27:18.1634873Z,Total bytes received: 196,,0
	2025-12-08T22:27:18.1992587Z,,,0
	2025-12-08T22:27:18.2782793Z,sent 32.40K bytes  received 196 bytes  13.04K bytes/sec,,0
	2025-12-08T22:27:18.3153522Z,total size is 120.09K  speedup is 3.68,,0
	2025-12-08T22:27:18.3452999Z,Attempt 1: Rsync for filelist /tmp//splits/split.ac completed with exit code 0,,0
	2025-12-08T22:27:18.3719898Z,,,0
	2025-12-08T22:27:18.4201979Z,Number of files: 12 (reg: 9&comma; dir: 3),,0
	2025-12-08T22:27:18.4684707Z,Number of created files: 11 (reg: 9&comma; dir: 2),,0
	2025-12-08T22:27:18.5499208Z,Number of deleted files: 0,,0
	2025-12-08T22:27:18.5723796Z,Number of regular files transferred: 9,,0
	2025-12-08T22:27:18.6280453Z,Total file size: 21.91K bytes,,0
	2025-12-08T22:27:18.6573606Z,Total transferred file size: 21.91K bytes,,0
	2025-12-08T22:27:18.6697447Z,Literal data: 21.91K bytes,,0
	2025-12-08T22:27:18.7431354Z,Matched data: 0 bytes,,0
	2025-12-08T22:27:18.7910197Z,File list size: 0,,0
	2025-12-08T22:27:18.8291814Z,File list generation time: 0.172 seconds,,0
	2025-12-08T22:27:18.8657686Z,File list transfer time: 0.000 seconds,,0
	2025-12-08T22:27:18.8982197Z,Total bytes sent: 7.15K,,0
	2025-12-08T22:27:18.9467144Z,Total bytes received: 196,,0
	2025-12-08T22:27:18.9925313Z,,,0
	2025-12-08T22:27:19.0525143Z,sent 7.15K bytes  received 196 bytes  2.94K bytes/sec,,0
	2025-12-08T22:27:19.1299657Z,total size is 21.91K  speedup is 2.98,,0
	2025-12-08T22:27:19.2455569Z,Attempt 1: Rsync for filelist /tmp//splits/split.af completed with exit code 0,,0
	2025-12-08T22:27:19.4152652Z,,,0
	2025-12-08T22:27:19.4898031Z,Number of files: 13 (reg: 9&comma; dir: 4),,0
	2025-12-08T22:27:19.5465738Z,Number of created files: 10 (reg: 9&comma; dir: 1),,0
	2025-12-08T22:27:19.5866864Z,Number of deleted files: 0,,0
	2025-12-08T22:27:19.6430025Z,Number of regular files transferred: 9,,0
	2025-12-08T22:27:19.6650132Z,Total file size: 56.44K bytes,,0
	2025-12-08T22:27:19.8336698Z,Total transferred file size: 56.44K bytes,,0
	2025-12-08T22:27:19.8727235Z,Literal data: 56.44K bytes,,0
	2025-12-08T22:27:19.9294277Z,Matched data: 0 bytes,,0
	2025-12-08T22:27:19.9619363Z,File list size: 0,,0
	2025-12-08T22:27:20.1212451Z,File list generation time: 0.001 seconds,,0
	2025-12-08T22:27:20.3053727Z,File list transfer time: 0.000 seconds,,0
	2025-12-08T22:27:20.3916652Z,Total bytes sent: 14.53K,,0
	2025-12-08T22:27:20.4363161Z,Total bytes received: 199,,0
	2025-12-08T22:27:20.5122789Z,,,0
	2025-12-08T22:27:20.5815678Z,sent 14.53K bytes  received 199 bytes  5.89K bytes/sec,,0
	2025-12-08T22:27:20.6853828Z,total size is 56.44K  speedup is 3.83,,0
	2025-12-08T22:27:20.8293828Z,Attempt 1: Rsync for filelist /tmp//splits/split.ae completed with exit code 0,,0
	2025-12-08T22:27:20.9254224Z,,,0
	2025-12-08T22:27:21.0255303Z,Number of files: 13 (reg: 9&comma; dir: 4),,0
	2025-12-08T22:27:21.1311944Z,Number of created files: 11 (reg: 9&comma; dir: 2),,0
	2025-12-08T22:27:21.2911721Z,Number of deleted files: 0,,0
	2025-12-08T22:27:21.3635956Z,Number of regular files transferred: 9,,0
	2025-12-08T22:27:21.4626451Z,Total file size: 86.62K bytes,,0
	2025-12-08T22:27:21.5274801Z,Total transferred file size: 86.62K bytes,,0
	2025-12-08T22:27:21.6518771Z,Literal data: 86.62K bytes,,0
	2025-12-08T22:27:21.7389833Z,Matched data: 0 bytes,,0
	2025-12-08T22:27:21.8052880Z,File list size: 0,,0
	2025-12-08T22:27:21.9347443Z,File list generation time: 0.001 seconds,,0
	2025-12-08T22:27:22.0774371Z,File list transfer time: 0.000 seconds,,0
	2025-12-08T22:27:22.1688030Z,Total bytes sent: 28.47K,,0
	2025-12-08T22:27:22.2075870Z,Total bytes received: 199,,0
	2025-12-08T22:27:22.2345952Z,,,0
	2025-12-08T22:27:22.3077426Z,sent 28.47K bytes  received 199 bytes  11.47K bytes/sec,,0
	2025-12-08T22:27:22.3372470Z,total size is 86.62K  speedup is 3.02,,0
	2025-12-08T22:27:22.3633920Z,Attempt 1: Rsync for filelist /tmp//splits/split.ad completed with exit code 0,,0
	2025-12-08T22:27:22.5292746Z,,,0
	2025-12-08T22:27:22.5858781Z,Number of files: 12 (reg: 9&comma; dir: 3),,0
	2025-12-08T22:27:22.6437117Z,Number of created files: 11 (reg: 9&comma; dir: 2),,0
	2025-12-08T22:27:22.8802166Z,Number of deleted files: 0,,0
	2025-12-08T22:27:22.9287738Z,Number of regular files transferred: 9,,0
	2025-12-08T22:27:23.1033017Z,Total file size: 90.38K bytes,,0
	2025-12-08T22:27:23.2983222Z,Total transferred file size: 90.38K bytes,,0
	2025-12-08T22:27:23.3887900Z,Literal data: 90.38K bytes,,0
	2025-12-08T22:27:23.5993379Z,Matched data: 0 bytes,,0
	2025-12-08T22:27:23.7015649Z,File list size: 0,,0
	2025-12-08T22:27:23.7566525Z,File list generation time: 0.027 seconds,,0
	2025-12-08T22:27:23.9187315Z,File list transfer time: 0.000 seconds,,0
	2025-12-08T22:27:23.9567802Z,Total bytes sent: 25.83K,,0
	2025-12-08T22:27:24.0794806Z,Total bytes received: 196,,0
	2025-12-08T22:27:24.2998150Z,,,0
	2025-12-08T22:27:24.3461637Z,sent 25.83K bytes  received 196 bytes  10.41K bytes/sec,,0
	2025-12-08T22:27:24.7439656Z,total size is 90.38K  speedup is 3.47,,0
	2025-12-08T22:27:24.8100321Z,Attempt 1: Rsync for filelist /tmp//splits/split.ag completed with exit code 0,,0
	2025-12-08T22:27:24.8894692Z,,,0
	2025-12-08T22:27:24.9851386Z,Number of files: 13 (reg: 9&comma; dir: 4),,0
	2025-12-08T22:27:25.0413645Z,Number of created files: 10 (reg: 9&comma; dir: 1),,0
	2025-12-08T22:27:25.2010540Z,Number of deleted files: 0,,0
	2025-12-08T22:27:25.2374935Z,Number of regular files transferred: 9,,0
	2025-12-08T22:27:25.3156181Z,Total file size: 99.93K bytes,,0
	2025-12-08T22:27:25.4266013Z,Total transferred file size: 99.93K bytes,,0
	2025-12-08T22:27:25.4672300Z,Literal data: 99.93K bytes,,0
	2025-12-08T22:27:25.5306514Z,Matched data: 0 bytes,,0
	2025-12-08T22:27:25.7491217Z,File list size: 0,,0
	2025-12-08T22:27:26.0151711Z,File list generation time: 0.307 seconds,,0
	2025-12-08T22:27:26.0725611Z,File list transfer time: 0.000 seconds,,0
	2025-12-08T22:27:26.3437619Z,Total bytes sent: 35.44K,,0
	2025-12-08T22:27:26.5089611Z,Total bytes received: 199,,0
	2025-12-08T22:27:26.9171965Z,,,0
	2025-12-08T22:27:26.9951249Z,sent 35.44K bytes  received 199 bytes  10.18K bytes/sec,,0
	2025-12-08T22:27:27.0644597Z,total size is 99.93K  speedup is 2.80,,0
	2025-12-08T22:27:27.1878827Z,Attempt 1: Rsync for filelist /tmp//splits/split.ab completed with exit code 0,,0
	2025-12-08T22:27:27.3792711Z,Deleting files not present in /tmp/zipdeploy/extracted/ from /home/site/wwwroot/ based on manifest file /opt/Kudu/Scripts/firstDeploymentManifest,,0
	2025-12-08T22:27:27.6163208Z,Number of files deleted: 1. See /tmp//rsync_deletion_logs.txt for more details.,,0
	2025-12-08T22:27:27.8546709Z,create new manifest file at /home/site/deployments/496bf26d-e82f-4fe6-b33c-8030737ca544/manifest,,0
	2025-12-08T22:27:27.9450148Z,Completed successfully in 5 seconds,,0
2025-12-08T22:27:28.6245129Z,Running post deployment command(s)...,28631eee-ccbf-450c-aa0d-833cf8863300,0
2025-12-08T22:27:29.1187639Z,Triggering recycle (preview mode disabled).,d1f0b739-7a18-4c5a-aaf1-b7dd0745aec9,0
2025-12-08T22:27:29.8496610Z,Deployment successful. deployer = Push-Deployer deploymentPath = ZipDeploy. Extract zip.,c4d52edb-a3a8-46b6-9548-b2a1236c37bd,0
